<?xml version="1.0" encoding="UTF-8"?>
<testng-results ignored="0" total="1" passed="1" failed="0" skipped="0">
  <reporter-output>
  </reporter-output>
  <suite started-at="2023-04-10T18:37:43 IST" name="Default suite" finished-at="2023-04-10T18:37:44 IST" duration-ms="717">
    <groups>
      <group name="cucumber">
        <method signature="AbstractTestNGCucumberTests.runScenario(io.cucumber.testng.PickleWrapper,io.cucumber.testng.FeatureWrapper)[pri:0, instance:com.bdd.testRunner.TestRunner@6dab9b6d]" name="runScenario" class="io.cucumber.testng.AbstractTestNGCucumberTests"/>
      </group> <!-- cucumber -->
    </groups>
    <test started-at="2023-04-10T18:37:43 IST" name="Default test" finished-at="2023-04-10T18:37:44 IST" duration-ms="717">
      <class name="com.bdd.testRunner.TestRunner">
        <test-method is-config="true" signature="setUpClass(org.testng.ITestContext)[pri:0, instance:com.bdd.testRunner.TestRunner@6dab9b6d]" started-at="2023-04-10T18:37:43 IST" name="setUpClass" finished-at="2023-04-10T18:37:43 IST" duration-ms="34" status="PASS">
          <params>
            <param index="0">
              <value>
                <![CDATA[org.testng.TestRunner@d2387c8]]>
              </value>
            </param>
          </params>
          <reporter-output>
          </reporter-output>
        </test-method> <!-- setUpClass -->
        <test-method signature="runScenario(io.cucumber.testng.PickleWrapper,io.cucumber.testng.FeatureWrapper)[pri:0, instance:com.bdd.testRunner.TestRunner@6dab9b6d]" started-at="2023-04-10T18:37:43 IST" name="runScenario" description="Runs Cucumber Scenarios" data-provider="scenarios" finished-at="2023-04-10T18:37:43 IST" duration-ms="191" status="PASS">
          <params>
            <param index="0">
              <value>
                <![CDATA["verify switchto page"]]>
              </value>
            </param>
            <param index="1">
              <value>
                <![CDATA["Valdiate switch to feature"]]>
              </value>
            </param>
          </params>
          <reporter-output>
          </reporter-output>
        </test-method> <!-- runScenario -->
        <test-method is-config="true" signature="tearDownClass()[pri:0, instance:com.bdd.testRunner.TestRunner@6dab9b6d]" started-at="2023-04-10T18:37:43 IST" name="tearDownClass" finished-at="2023-04-10T18:37:44 IST" duration-ms="451" status="PASS">
          <reporter-output>
          </reporter-output>
        </test-method> <!-- tearDownClass -->
      </class> <!-- com.bdd.testRunner.TestRunner -->
    </test> <!-- Default test -->
  </suite> <!-- Default suite -->
</testng-results>
